

*******************************************************************************
Tue Apr 12 12:36:01 2022


FIT:    data read from "data.csv"
        format = z
        #datapoints = 6
        residuals are weighted equally (unit weight)

function used for fitting: f(x)
	f(x) = a*x + b
fitted parameters initialized with current variable values

iter      chisq       delta/lim  lambda   a             b            
   0 1.5009726750e+01   0.00e+00  9.89e-01    5.000000e+00   1.000000e+00
   4 1.2374911949e-03  -2.35e-04  9.89e-05    2.639765e+00  -1.379605e-01

After 4 iterations the fit converged.
final sum of squares of residuals : 0.00123749
rel. change during last iteration : -2.34571e-09

degrees of freedom    (FIT_NDF)                        : 4
rms of residuals      (FIT_STDFIT) = sqrt(WSSR/ndf)    : 0.017589
variance of residuals (reduced chisquare) = WSSR/ndf   : 0.000309373

Final set of parameters            Asymptotic Standard Error
=======================            ==========================
a               = 2.63976          +/- 0.1114       (4.22%)
b               = -0.13796         +/- 0.02181      (15.81%)

correlation matrix of the fit parameters:
                a      b      
a               1.000 
b              -0.944  1.000 
